
[2011-08-02 23:04:38] myapp.INFO: GET / [] []
[2011-08-02 23:05:08] myapp.INFO: GET / [] []
[2011-08-02 23:05:32] myapp.INFO: GET / [] []
[2011-08-02 23:05:59] myapp.INFO: GET / [] []
[2011-08-02 23:17:09] myapp.INFO: GET / [] []
[2011-08-02 23:21:09] myapp.INFO: GET / [] []
[2011-08-02 23:24:59] myapp.INFO: GET / [] []
[2011-08-02 23:27:12] myapp.INFO: GET / [] []
[2011-08-02 23:39:41] myapp.INFO: GET / [] []
[2011-08-02 23:41:23] myapp.INFO: GET / [] []
[2011-08-02 23:41:31] myapp.INFO: GET / [] []
[2011-08-02 23:42:08] myapp.INFO: GET / [] []
[2011-08-02 23:42:13] myapp.INFO: GET / [] []
[2011-08-02 23:43:12] myapp.INFO: GET / [] []
[2011-08-02 23:43:12] myapp.INFO: GET / [] []
[2011-08-02 23:44:06] myapp.INFO: GET / [] []
[2011-08-02 23:50:12] myapp.INFO: GET / [] []
[2011-08-02 23:50:34] myapp.INFO: GET / [] []
[2011-08-02 23:50:34] myapp.INFO: GET / [] []
[2011-08-02 23:50:52] myapp.INFO: GET / [] []
[2011-08-02 23:50:52] myapp.INFO: GET / [] []
[2011-08-02 23:51:00] myapp.INFO: GET / [] []
[2011-08-02 23:51:25] myapp.INFO: GET / [] []
[2011-08-02 23:51:25] myapp.INFO: GET / [] []
[2011-08-02 23:51:48] myapp.INFO: GET / [] []
[2011-08-02 23:51:49] myapp.INFO: GET / [] []
[2011-08-02 23:56:12] myapp.INFO: GET / [] []
[2011-08-02 23:56:12] myapp.INFO: GET / [] []
[2011-08-02 23:56:23] myapp.INFO: GET / [] []
[2011-08-02 23:56:35] myapp.INFO: GET / [] []
[2011-08-02 23:56:44] myapp.INFO: GET / [] []
[2011-08-02 23:57:38] myapp.INFO: GET / [] []
[2011-08-02 23:58:06] myapp.INFO: GET / [] []
[2011-08-02 23:58:26] myapp.INFO: GET / [] []
[2011-08-03 00:15:37] myapp.INFO: GET / [] []
[2011-08-03 00:15:55] myapp.INFO: GET / [] []
[2011-08-03 00:16:57] myapp.INFO: GET / [] []
[2011-08-03 00:17:35] myapp.INFO: GET / [] []
[2011-08-03 00:19:18] myapp.INFO: GET / [] []
[2011-08-03 00:21:18] myapp.INFO: GET / [] []
[2011-08-03 00:21:18] myapp.INFO: GET / [] []
[2011-08-03 00:21:35] myapp.INFO: GET / [] []
[2011-08-03 00:24:03] myapp.INFO: GET / [] []
[2011-08-03 00:30:29] myapp.INFO: GET / [] []
[2011-08-03 00:30:29] myapp.INFO: GET / [] []
[2011-08-03 00:30:51] myapp.INFO: GET / [] []
[2011-08-03 00:31:45] myapp.INFO: GET / [] []
[2011-08-03 00:35:10] myapp.INFO: GET / [] []
[2011-08-03 00:35:56] myapp.INFO: GET / [] []
[2011-08-03 00:42:25] myapp.INFO: GET / [] []
[2011-08-03 00:43:03] myapp.INFO: GET / [] []
[2011-08-03 00:43:07] myapp.INFO: GET / [] []
[2011-08-03 00:43:07] myapp.INFO: GET / [] []
[2011-08-03 00:43:08] myapp.INFO: GET / [] []
[2011-08-03 00:43:08] myapp.INFO: GET / [] []
[2011-08-03 00:43:11] myapp.INFO: GET / [] []
[2011-08-03 00:43:14] myapp.INFO: GET / [] []
[2011-08-03 00:43:21] myapp.INFO: GET / [] []
[2011-08-03 00:43:27] myapp.INFO: GET / [] []
[2011-08-03 00:43:27] myapp.INFO: GET / [] []
[2011-08-03 00:43:28] myapp.INFO: GET / [] []
[2011-08-03 00:47:55] myapp.INFO: GET / [] []
[2011-08-03 00:48:24] myapp.INFO: GET / [] []
[2011-08-03 02:28:29] myapp.INFO: GET /inbox [] []
[2011-08-03 02:28:29] myapp.WARNING: 404 GET /inbox [] []
[2011-08-03 02:28:37] myapp.INFO: GET /messages/inbox [] []
[2011-08-03 02:28:37] myapp.INFO: GET /messages/inbox [] []
[2011-08-03 02:30:03] myapp.INFO: GET /messages/inbox [] []
[2011-08-03 02:30:56] myapp.INFO: GET /messages/inbox [] []
[2011-08-03 02:30:56] myapp.ERROR: [Syntax Error] line 0, col 45: Error: Expected end of string, got 'u' [] []
[2011-08-03 02:31:07] myapp.INFO: GET /messages/inbox [] []
[2011-08-03 02:31:45] myapp.INFO: GET /messages/inbox [] []
[2011-08-03 02:33:09] myapp.INFO: GET /messages/inbox [] []
[2011-08-03 02:34:22] myapp.INFO: GET /messages/inbox [] []
[2011-08-03 02:34:39] myapp.INFO: GET /messages/inbox [] []
[2011-08-03 02:35:06] myapp.INFO: GET /messages/inbox [] []
[2011-08-03 02:36:04] myapp.INFO: GET /messages/inbox [] []
[2011-08-03 02:39:00] myapp.INFO: GET /messages/inbox [] []
[2011-08-03 02:41:35] myapp.INFO: GET /messages/inbox [] []
[2011-08-03 02:42:19] myapp.INFO: GET /messages/inbox [] []
[2011-08-03 02:42:27] myapp.INFO: GET /messages/inbox [] []
[2011-08-03 02:45:06] myapp.INFO: GET /messages/inbox [] []
[2011-08-03 02:45:19] myapp.INFO: GET /messages/inbox [] []
[2011-08-03 03:43:27] myapp.INFO: GET /messages/inbox [] []
[2011-08-03 03:43:33] myapp.INFO: GET /messages/inbox [] []
[2011-08-03 03:43:48] myapp.INFO: GET /messages/inbox [] []
[2011-08-03 03:43:48] myapp.ERROR: Identifier "dataAccess.users.userRepository" is not defined. [] []
[2011-08-03 03:44:00] myapp.INFO: GET /messages/inbox [] []
